Build started 1/6/2015 4:16:47 PM.
     1>Project "c:\Users\Moe\documents\visual studio 2013\Projects\snake\snake\snake.vcxproj" on node 2 (Build target(s)).
     1>ClCompile:
         X:\Windows\VS 2013 Ultimate\VC\bin\CL.exe /c /ZI /nologo /W3 /WX- /sdl /Od /Oy- /D WIN32 /D _DEBUG /D _CONSOLE /D _LIB /D _UNICODE /D UNICODE /Gm /EHsc /RTC1 /MDd /GS /fp:precise /Zc:wchar_t /Zc:forScope /Fo"Debug\\" /Fd"Debug\vc120.pdb" /Gd /TP /analyze- /errorReport:prompt main.cpp
         main.cpp
     1>c:\users\moe\documents\visual studio 2013\projects\snake\snake\functions.h(199): warning C4805: '==' : unsafe mix of type 'SHORT' and type 'bool' in operation
     1>c:\users\moe\documents\visual studio 2013\projects\snake\snake\main.cpp(7): warning C4244: 'argument' : conversion from 'time_t' to 'unsigned int', possible loss of data
     1>c:\users\moe\documents\visual studio 2013\projects\snake\snake\functions.h(136): warning C4715: 'inc_snake_size' : not all control paths return a value
       Link:
         X:\Windows\VS 2013 Ultimate\VC\bin\link.exe /ERRORREPORT:PROMPT /OUT:"c:\users\moe\documents\visual studio 2013\Projects\snake\Debug\snake.exe" /INCREMENTAL /NOLOGO kernel32.lib user32.lib gdi32.lib winspool.lib comdlg32.lib advapi32.lib shell32.lib ole32.lib oleaut32.lib uuid.lib odbc32.lib odbccp32.lib /MANIFEST /MANIFESTUAC:"level='asInvoker' uiAccess='false'" /manifest:embed /DEBUG /PDB:"c:\users\moe\documents\visual studio 2013\Projects\snake\Debug\snake.pdb" /SUBSYSTEM:CONSOLE /TLBID:1 /DYNAMICBASE /NXCOMPAT /IMPLIB:"c:\users\moe\documents\visual studio 2013\Projects\snake\Debug\snake.lib" /MACHINE:X86 Debug\main.obj
     1>main.obj : error LNK2019: unresolved external symbol __imp__PlaySoundW@12 referenced in function "int __cdecl game_over(void)" (?game_over@@YAHXZ)
     1>c:\users\moe\documents\visual studio 2013\Projects\snake\Debug\snake.exe : fatal error LNK1120: 1 unresolved externals
     1>Done Building Project "c:\Users\Moe\documents\visual studio 2013\Projects\snake\snake\snake.vcxproj" (Build target(s)) -- FAILED.

Build FAILED.

Time Elapsed 00:00:00.89
